2025-03-01 16:29:39 INFO  c.c.c.CloudShadowApplication - Starting CloudShadowApplication using Java 1.8.0_202 on wangchen with PID 35656 (D:\Graduation_Project\CloudShadow\target\classes started by 32632 in D:\Graduation_Project\CloudShadow)
2025-03-01 16:29:39 DEBUG c.c.c.CloudShadowApplication - Running with Spring Boot v2.6.13, Spring v5.3.23
2025-03-01 16:29:39 INFO  c.c.c.CloudShadowApplication - No active profile set, falling back to 1 default profile: "default"
2025-03-01 16:29:40 INFO  o.s.b.w.e.tomcat.TomcatWebServer - Tomcat initialized with port(s): 8080 (http)
2025-03-01 16:29:40 INFO  o.a.c.core.AprLifecycleListener - An older version [1.2.16] of the Apache Tomcat Native library is installed, while Tomcat recommends a minimum version of [1.2.30]
2025-03-01 16:29:40 INFO  o.a.c.core.AprLifecycleListener - Loaded Apache Tomcat Native library [1.2.16] using APR version [1.6.3].
2025-03-01 16:29:40 INFO  o.a.c.core.AprLifecycleListener - APR capabilities: IPv6 [true], sendfile [true], accept filters [false], random [true], UDS [false].
2025-03-01 16:29:40 INFO  o.a.c.core.AprLifecycleListener - APR/OpenSSL configuration: useAprConnector [false], useOpenSSL [true]
2025-03-01 16:29:41 INFO  o.a.c.core.AprLifecycleListener - OpenSSL successfully initialized [OpenSSL 1.0.2m  2 Nov 2017]
2025-03-01 16:29:41 INFO  o.a.catalina.core.StandardService - Starting service [Tomcat]
2025-03-01 16:29:41 INFO  o.a.catalina.core.StandardEngine - Starting Servlet engine: [Apache Tomcat/9.0.68]
2025-03-01 16:29:41 INFO  o.a.c.c.C.[Tomcat].[localhost].[/] - Initializing Spring embedded WebApplicationContext
2025-03-01 16:29:41 INFO  o.s.b.w.s.c.ServletWebServerApplicationContext - Root WebApplicationContext: initialization completed in 2140 ms
2025-03-01 16:29:42 WARN  n.s.e.config.ConfigurationFactory - No configuration found. Configuring ehcache from ehcache-failsafe.xml  found in the classpath: jar:file:/D:/wangchen/maven/.m2/repository/net/sf/ehcache/ehcache-core/2.6.11/ehcache-core-2.6.11.jar!/ehcache-failsafe.xml
2025-03-01 16:29:43 INFO  s.d.s.w.PropertySourcedRequestMappingHandlerMapping - Mapped URL path [/v2/api-docs] onto method [springfox.documentation.swagger2.web.Swagger2Controller#getDocumentation(String, HttpServletRequest)]
2025-03-01 16:29:43 INFO  o.s.b.a.w.s.WelcomePageHandlerMapping - Adding welcome page: class path resource [static/index.html]
2025-03-01 16:29:43 INFO  o.s.b.w.e.tomcat.TomcatWebServer - Tomcat started on port(s): 8080 (http) with context path ''
2025-03-01 16:29:43 INFO  s.d.s.w.p.DocumentationPluginsBootstrapper - Context refreshed
2025-03-01 16:29:43 INFO  s.d.s.w.p.DocumentationPluginsBootstrapper - Found 1 custom documentation plugin(s)
2025-03-01 16:29:43 INFO  s.d.s.w.s.ApiListingReferenceScanner - Scanning for api listing references
2025-03-01 16:29:43 INFO  c.c.c.CloudShadowApplication - Started CloudShadowApplication in 4.715 seconds (JVM running for 5.75)
2025-03-01 16:31:05 INFO  c.c.c.CloudShadowApplicationTests - Starting CloudShadowApplicationTests using Java 1.8.0_202 on wangchen with PID 86292 (started by 32632 in D:\Graduation_Project\CloudShadow)
2025-03-01 16:31:05 DEBUG c.c.c.CloudShadowApplicationTests - Running with Spring Boot v2.6.13, Spring v5.3.23
2025-03-01 16:31:05 INFO  c.c.c.CloudShadowApplicationTests - No active profile set, falling back to 1 default profile: "default"
2025-03-01 16:31:07 WARN  n.s.e.config.ConfigurationFactory - No configuration found. Configuring ehcache from ehcache-failsafe.xml  found in the classpath: jar:file:/D:/wangchen/maven/.m2/repository/net/sf/ehcache/ehcache-core/2.6.11/ehcache-core-2.6.11.jar!/ehcache-failsafe.xml
2025-03-01 16:31:07 WARN  net.sf.ehcache.DiskStorePathManager - diskStorePath 'C:\Users\32632\AppData\Local\Temp' is already used by an existing CacheManager either in the same VM or in a different process.
The diskStore path for this CacheManager will be set to C:\Users\32632\AppData\Local\Temp\ehcache_auto_created7927754038217614229diskstore.
To avoid this warning consider using the CacheManager factory methods to create a singleton CacheManager or specifying a separate ehcache configuration (ehcache.xml) for each CacheManager instance.
2025-03-01 16:31:09 INFO  s.d.s.w.PropertySourcedRequestMappingHandlerMapping - Mapped URL path [/v2/api-docs] onto method [springfox.documentation.swagger2.web.Swagger2Controller#getDocumentation(String, HttpServletRequest)]
2025-03-01 16:31:10 INFO  o.s.b.a.w.s.WelcomePageHandlerMapping - Adding welcome page: class path resource [static/index.html]
2025-03-01 16:31:10 INFO  s.d.s.w.p.DocumentationPluginsBootstrapper - Context refreshed
2025-03-01 16:31:10 INFO  s.d.s.w.p.DocumentationPluginsBootstrapper - Found 1 custom documentation plugin(s)
2025-03-01 16:31:10 INFO  s.d.s.w.s.ApiListingReferenceScanner - Scanning for api listing references
2025-03-01 16:31:10 INFO  c.c.c.CloudShadowApplicationTests - Started CloudShadowApplicationTests in 5.341 seconds (JVM running for 6.299)
2025-03-01 16:31:10 DEBUG c.c.c.CloudShadowApplicationTests - 项目启动成功
